Tue Mar 31 17:24:03 BST 2009	INFO	USER gogu
Tue Mar 31 17:24:05 BST 2009	INFO	PASS ********
Tue Mar 31 17:24:07 BST 2009	INFO	XPWD
Tue Mar 31 17:24:22 BST 2009	INFO	TYPE I
Tue Mar 31 17:24:52 BST 2009	INFO	PORT 127,0,0,1,6,10
Tue Mar 31 17:24:52 BST 2009	INFO	STOR t2.pdf
Tue Apr 13 17:32:02 BST 2010	INFO	USER gogu
Tue Apr 13 17:32:07 BST 2010	INFO	PASS ********
Tue Apr 13 17:32:10 BST 2010	INFO	PORT 127,0,0,1,6,115
Tue Apr 13 17:32:10 BST 2010	INFO	NLST
Tue Apr 13 17:33:52 BST 2010	INFO	PORT 127,0,0,1,6,117
Tue Apr 13 17:33:52 BST 2010	INFO	STOR is.txt
Tue Apr 13 17:35:07 BST 2010	INFO	TYPE I
Tue Apr 13 17:35:23 BST 2010	INFO	PORT 127,0,0,1,6,119
Tue Apr 13 17:35:23 BST 2010	INFO	STOR b.jpg
Tue Apr 05 18:48:08 BST 2011	INFO	USER gogu
Tue Apr 05 18:48:10 BST 2011	INFO	PASS ********
Tue Apr 05 18:48:12 BST 2011	INFO	PORT 127,0,0,1,4,72
Tue Apr 05 18:48:12 BST 2011	INFO	NLST
Tue Apr 05 18:48:20 BST 2011	INFO	PORT 127,0,0,1,4,74
Tue Apr 05 18:48:20 BST 2011	INFO	NLST ./logs
Tue Apr 05 18:48:26 BST 2011	INFO	XPWD
Tue Apr 05 18:48:33 BST 2011	INFO	PORT 127,0,0,1,4,76
Tue Apr 05 18:48:33 BST 2011	INFO	NLST
Tue Apr 05 18:48:56 BST 2011	INFO	TYPE I
Tue Apr 05 18:49:12 BST 2011	INFO	PORT 127,0,0,1,4,78
Tue Apr 05 18:49:12 BST 2011	INFO	STOR t2.pdf
Tue Apr 05 18:49:14 BST 2011	INFO	TYPE A
Tue Apr 05 18:49:14 BST 2011	INFO	PORT 127,0,0,1,4,80
Tue Apr 05 18:49:14 BST 2011	INFO	NLST
Tue Apr 05 18:49:14 BST 2011	INFO	TYPE I
Tue Apr 05 18:49:38 BST 2011	INFO	DELE t2.pdf
Tue Apr 05 18:49:46 BST 2011	INFO	QUIT
Mon Apr 23 14:52:13 EEST 2012	INFO	USER gogu
Mon Apr 23 14:52:15 EEST 2012	INFO	PASS ********
Mon Apr 23 14:52:52 EEST 2012	INFO	XPWD
Mon Apr 23 14:53:01 EEST 2012	INFO	TYPE I
Mon Apr 23 14:53:16 EEST 2012	INFO	PORT 127,0,0,1,7,61
Mon Apr 23 14:53:16 EEST 2012	INFO	STOR t2.pdf
Mon Apr 23 14:53:34 EEST 2012	INFO	QUIT
Mon Apr 23 14:55:56 EEST 2012	INFO	USER (none)
Mon Apr 23 14:56:00 EEST 2012	INFO	QUIT
Mon Apr 23 14:57:38 EEST 2012	INFO	USER gogu
Mon Apr 23 14:57:41 EEST 2012	INFO	PASS ********
Mon Apr 23 14:58:46 EEST 2012	INFO	TYPE I
Mon Apr 23 14:59:18 EEST 2012	INFO	CWD c:\
Mon Apr 23 14:59:23 EEST 2012	INFO	CWD C:\
Mon Apr 23 14:59:37 EEST 2012	INFO	PORT 10,2,65,51,4,165
Mon Apr 23 14:59:37 EEST 2012	INFO	RETR t2.pdf
Mon Apr 23 14:59:49 EEST 2012	INFO	USER gogu
Mon Apr 23 14:59:51 EEST 2012	INFO	PASS ********
Mon Apr 23 15:00:11 EEST 2012	INFO	PORT 10,2,65,36,4,215
Mon Apr 23 15:00:11 EEST 2012	INFO	RETR t2.pdf
Mon Apr 23 15:10:52 EEST 2012	EMERG	clientLoop failed: java.net.SocketException: Connection reset
Mon Apr 23 15:11:21 EEST 2012	INFO	USER exit
Mon Apr 23 15:11:47 EEST 2012	EMERG	clientLoop failed: java.net.SocketException: Connection reset
